<?xml version="1.0" encoding="UTF-8"?>
<!-- Generated by org.testng.reporters.JUnitReportReporter -->
<testsuite hostname="DESKTOP-IADEQVB" failures="0" tests="1" name="com.assessment.APITest" time="5.353" errors="0" timestamp="2022-10-02T18:54:00 IST" skipped="0">
  <testcase classname="com.assessment.APITest" name="updateBook" time="5.353"/>
</testsuite> <!-- com.assessment.APITest -->
