<?xml version="1.0" encoding="UTF-8"?>
<!-- Generated by org.testng.reporters.JUnitReportReporter -->
<testsuite hostname="DESKTOP-IADEQVB" failures="0" tests="2" name="com.assessment.SeleniumTest" time="114.086" errors="0" timestamp="2022-10-02T19:01:49 IST" skipped="0">
  <testcase classname="com.assessment.SeleniumTest" name="deleteBooks" time="48.225"/>
  <testcase classname="com.assessment.SeleniumTest" name="addBooks" time="65.861"/>
</testsuite> <!-- com.assessment.SeleniumTest -->
