<?xml version="1.0" encoding="UTF-8"?>
<!-- Generated by org.testng.reporters.JUnitReportReporter -->
<testsuite hostname="DESKTOP-IADEQVB" failures="0" tests="1" name="module1.NewTest" time="25.714" errors="0" timestamp="2022-10-02T16:38:08 IST" skipped="0">
  <testcase classname="module1.NewTest" name="deleteBooks" time="25.714"/>
</testsuite> <!-- module1.NewTest -->
