<?xml version="1.0" encoding="UTF-8"?>
<!-- Generated by org.testng.reporters.JUnitReportReporter -->
<testsuite hostname="DESKTOP-IADEQVB" failures="0" tests="1" name="module1.NewTestAPI" time="4.933" errors="0" timestamp="2022-10-02T18:46:34 IST" skipped="0">
  <testcase classname="module1.NewTestAPI" name="updateBook" time="4.933"/>
</testsuite> <!-- module1.NewTestAPI -->
